<?xml version="1.0" encoding="UTF-8"?>
<!-- Generated by org.testng.reporters.JUnitReportReporter -->
<testsuite hostname="LAPTOP-K8ACM6HQ" failures="0" tests="1" name="creat.Set" time="0.011" errors="0" timestamp="2020-11-29T16:16:34 EST" skipped="0">
  <testcase classname="creat.Set" name="log" time="0.011"/>
  <system-out/>
</testsuite> <!-- creat.Set -->
