<?xml version="1.0" encoding="UTF-8"?>
<!-- Generated by org.testng.reporters.JUnitReportReporter -->
<testsuite hostname="LAPTOP-K8ACM6HQ" failures="0" tests="1" name="creat.Listner" time="0.015" errors="0" timestamp="2020-11-29T11:00:56 EST" skipped="0">
  <testcase classname="creat.Listner" name="Com" time="0.015"/>
  <system-out/>
</testsuite> <!-- creat.Listner -->
